<?xml version="1.0" encoding="UTF-8"?>
<!-- Generated by org.testng.reporters.JUnitReportReporter -->
<testsuite hostname="Sai-PC" name="day25.CrossBrowserTesting" tests="2" failures="0" timestamp="26 Jul 2016 03:11:01 GMT" time="133.344" errors="1">
  <testcase name="dropdownTest" time="83.263" classname="day25.CrossBrowserTesting"/>
  <testcase name="dropdownTest" time="50.081" classname="day25.CrossBrowserTesting">
    <error type="org.openqa.selenium.WebDriverException" message="Unable to connect to host 127.0.0.1 on port 7055 after 45000 ms. Firefox console output:
05972	addons.xpi	DEBUG	Updating XPIState for {&quot;id&quot;:&quot;HP.FT.FirefoxAgent.12.51@hp.com&quot;,&quot;syncGUID&quot;:&quot;qD65zndq5-jQ&quot;,&quot;location&quot;:&quot;winreg-app-global&quot;,&quot;version&quot;:&quot;12.52.6755.0&quot;,&quot;type&quot;:&quot;extension&quot;,&quot;internalName&quot;:null,&quot;updateURL&quot;:null,&quot;updateKey&quot;:null,&quot;optionsURL&quot;:null,&quot;optionsType&quot;:null,&quot;aboutURL&quot;:null,&quot;icons&quot;:{&quot;32&quot;:&quot;icon.png&quot;,&quot;48&quot;:&quot;icon.png&quot;},&quot;iconURL&quot;:null,&quot;icon64URL&quot;:null,&quot;defaultLocale&quot;:{&quot;name&quot;:&quot;HP Functional Testing Agent&quot;,&quot;description&quot;:&quot;Test Web Applications Using Firefox&quot;,&quot;creator&quot;:null,&quot;homepageURL&quot;:null},&quot;visible&quot;:true,&quot;active&quot;:false,&quot;userDisabled&quot;:true,&quot;appDisabled&quot;:false,&quot;descriptor&quot;:&quot;C:\\Program Files (x86)\\HP\\Unified Functional Testing\\\\Installations\\Firefox\\Agent.xpi&quot;,&quot;installDate&quot;:1456464921785,&quot;updateDate&quot;:1456464921785,&quot;applyBackgroundUpdates&quot;:1,&quot;bootstrap&quot;:true,&quot;skinnable&quot;:false,&quot;size&quot;:1593065,&quot;sourceURI&quot;:null,&quot;releaseNotesURI&quot;:null,&quot;softDisabled&quot;:false,&quot;foreignInstall&quot;:true,&quot;hasBinaryComponents&quot;:false,&quot;strictCompatibility&quot;:false,&quot;locales&quot;:[],&quot;targetApplications&quot;:[{&quot;id&quot;:&quot;{ec8030f7-c20a-464f-9b0e-13a3a9e97384}&quot;,&quot;minVersion&quot;:&quot;33.0&quot;,&quot;maxVersion&quot;:&quot;44.0&quot;}],&quot;targetPlatforms&quot;:[],&quot;multiprocessCompatible&quot;:false,&quot;signedState&quot;:2,&quot;seen&quot;:true}
1469502605973	DeferredSave.extensions.json	DEBUG	Save changes
1469502605973	addons.xpi	DEBUG	Updating database with changes to installed add-ons
1469502605973	addons.xpi-utils	DEBUG	Updating add-on states
1469502605975	addons.xpi-utils	DEBUG	Writing add-ons list
1469502605981	addons.xpi	DEBUG	Registering manifest for C:\Program Files (x86)\Mozilla Firefox\browser\features\e10srollout@mozilla.org.xpi
1469502605982	addons.xpi	DEBUG	Calling bootstrap method startup on e10srollout@mozilla.org version 1.0
1469502605982	addons.xpi	DEBUG	Registering manifest for C:\Program Files (x86)\Mozilla Firefox\browser\features\firefox@getpocket.com.xpi
1469502605984	addons.xpi	DEBUG	Calling bootstrap method startup on firefox@getpocket.com version 1.0.2
1469502605985	addons.xpi	DEBUG	Registering manifest for C:\Program Files (x86)\Mozilla Firefox\browser\features\loop@mozilla.org.xpi
1469502605987	addons.xpi	DEBUG	Calling bootstrap method startup on loop@mozilla.org version 1.3.2
1469502606024	addons.manager	DEBUG	Registering shutdown blocker for XPIProvider
1469502606024	addons.manager	DEBUG	Provider finished startup: XPIProvider
1469502606025	addons.manager	DEBUG	Starting provider: LightweightThemeManager
1469502606025	addons.manager	DEBUG	Registering shutdown blocker for LightweightThemeManager
1469502606025	addons.manager	DEBUG	Provider finished startup: LightweightThemeManager
1469502606026	addons.manager	DEBUG	Starting provider: GMPProvider
1469502606037	addons.manager	DEBUG	Registering shutdown blocker for GMPProvider
1469502606037	addons.manager	DEBUG	Provider finished startup: GMPProvider
1469502606038	addons.manager	DEBUG	Starting provider: PluginProvider
1469502606038	addons.manager	DEBUG	Registering shutdown blocker for PluginProvider
1469502606038	addons.manager	DEBUG	Provider finished startup: PluginProvider
1469502606039	addons.manager	DEBUG	Completed startup sequence
1469502610190	DeferredSave.extensions.json	DEBUG	Starting timer
1469502610217	addons.manager	DEBUG	Starting provider: &lt;unnamed-provider&gt;
1469502610218	addons.manager	DEBUG	Registering shutdown blocker for &lt;unnamed-provider&gt;
1469502610218	addons.manager	DEBUG	Provider finished startup: &lt;unnamed-provider&gt;
1469502610341	DeferredSave.extensions.json	DEBUG	Starting write
1469502610424	addons.repository	DEBUG	No addons.json found.
1469502610425	DeferredSave.addons.json	DEBUG	Save changes
1469502610439	DeferredSave.addons.json	DEBUG	Starting timer
1469502610737	addons.manager	DEBUG	Starting provider: PreviousExperimentProvider
1469502610738	addons.manager	DEBUG	Registering shutdown blocker for PreviousExperimentProvider
1469502610739	addons.manager	DEBUG	Provider finished startup: PreviousExperimentProvider
1469502610966	DeferredSave.addons.json	DEBUG	Starting write
1469502610976	DeferredSave.extensions.json	DEBUG	Write succeeded
1469502611557	DeferredSave.addons.json	DEBUG	Write succeeded

Command duration or timeout: 48.51 seconds
Build info: version: &#039;2.48.2&#039;, revision: &#039;41bccdd&#039;, time: &#039;2015-10-09 19:59:12&#039;
System info: host: &#039;Sai-PC&#039;, ip: &#039;192.168.56.1&#039;, os.name: &#039;Windows 7&#039;, os.arch: &#039;amd64&#039;, os.version: &#039;6.1&#039;, java.version: &#039;1.7.0_79&#039;
Driver info: org.openqa.selenium.remote.RemoteWebDriver">
      <![CDATA[org.openqa.selenium.WebDriverException: Unable to connect to host 127.0.0.1 on port 7055 after 45000 ms. Firefox console output:
05972	addons.xpi	DEBUG	Updating XPIState for {"id":"HP.FT.FirefoxAgent.12.51@hp.com","syncGUID":"qD65zndq5-jQ","location":"winreg-app-global","version":"12.52.6755.0","type":"extension","internalName":null,"updateURL":null,"updateKey":null,"optionsURL":null,"optionsType":null,"aboutURL":null,"icons":{"32":"icon.png","48":"icon.png"},"iconURL":null,"icon64URL":null,"defaultLocale":{"name":"HP Functional Testing Agent","description":"Test Web Applications Using Firefox","creator":null,"homepageURL":null},"visible":true,"active":false,"userDisabled":true,"appDisabled":false,"descriptor":"C:\\Program Files (x86)\\HP\\Unified Functional Testing\\\\Installations\\Firefox\\Agent.xpi","installDate":1456464921785,"updateDate":1456464921785,"applyBackgroundUpdates":1,"bootstrap":true,"skinnable":false,"size":1593065,"sourceURI":null,"releaseNotesURI":null,"softDisabled":false,"foreignInstall":true,"hasBinaryComponents":false,"strictCompatibility":false,"locales":[],"targetApplications":[{"id":"{ec8030f7-c20a-464f-9b0e-13a3a9e97384}","minVersion":"33.0","maxVersion":"44.0"}],"targetPlatforms":[],"multiprocessCompatible":false,"signedState":2,"seen":true}
1469502605973	DeferredSave.extensions.json	DEBUG	Save changes
1469502605973	addons.xpi	DEBUG	Updating database with changes to installed add-ons
1469502605973	addons.xpi-utils	DEBUG	Updating add-on states
1469502605975	addons.xpi-utils	DEBUG	Writing add-ons list
1469502605981	addons.xpi	DEBUG	Registering manifest for C:\Program Files (x86)\Mozilla Firefox\browser\features\e10srollout@mozilla.org.xpi
1469502605982	addons.xpi	DEBUG	Calling bootstrap method startup on e10srollout@mozilla.org version 1.0
1469502605982	addons.xpi	DEBUG	Registering manifest for C:\Program Files (x86)\Mozilla Firefox\browser\features\firefox@getpocket.com.xpi
1469502605984	addons.xpi	DEBUG	Calling bootstrap method startup on firefox@getpocket.com version 1.0.2
1469502605985	addons.xpi	DEBUG	Registering manifest for C:\Program Files (x86)\Mozilla Firefox\browser\features\loop@mozilla.org.xpi
1469502605987	addons.xpi	DEBUG	Calling bootstrap method startup on loop@mozilla.org version 1.3.2
1469502606024	addons.manager	DEBUG	Registering shutdown blocker for XPIProvider
1469502606024	addons.manager	DEBUG	Provider finished startup: XPIProvider
1469502606025	addons.manager	DEBUG	Starting provider: LightweightThemeManager
1469502606025	addons.manager	DEBUG	Registering shutdown blocker for LightweightThemeManager
1469502606025	addons.manager	DEBUG	Provider finished startup: LightweightThemeManager
1469502606026	addons.manager	DEBUG	Starting provider: GMPProvider
1469502606037	addons.manager	DEBUG	Registering shutdown blocker for GMPProvider
1469502606037	addons.manager	DEBUG	Provider finished startup: GMPProvider
1469502606038	addons.manager	DEBUG	Starting provider: PluginProvider
1469502606038	addons.manager	DEBUG	Registering shutdown blocker for PluginProvider
1469502606038	addons.manager	DEBUG	Provider finished startup: PluginProvider
1469502606039	addons.manager	DEBUG	Completed startup sequence
1469502610190	DeferredSave.extensions.json	DEBUG	Starting timer
1469502610217	addons.manager	DEBUG	Starting provider: <unnamed-provider>
1469502610218	addons.manager	DEBUG	Registering shutdown blocker for <unnamed-provider>
1469502610218	addons.manager	DEBUG	Provider finished startup: <unnamed-provider>
1469502610341	DeferredSave.extensions.json	DEBUG	Starting write
1469502610424	addons.repository	DEBUG	No addons.json found.
1469502610425	DeferredSave.addons.json	DEBUG	Save changes
1469502610439	DeferredSave.addons.json	DEBUG	Starting timer
1469502610737	addons.manager	DEBUG	Starting provider: PreviousExperimentProvider
1469502610738	addons.manager	DEBUG	Registering shutdown blocker for PreviousExperimentProvider
1469502610739	addons.manager	DEBUG	Provider finished startup: PreviousExperimentProvider
1469502610966	DeferredSave.addons.json	DEBUG	Starting write
1469502610976	DeferredSave.extensions.json	DEBUG	Write succeeded
1469502611557	DeferredSave.addons.json	DEBUG	Write succeeded

Command duration or timeout: 48.51 seconds
Build info: version: '2.48.2', revision: '41bccdd', time: '2015-10-09 19:59:12'
System info: host: 'Sai-PC', ip: '192.168.56.1', os.name: 'Windows 7', os.arch: 'amd64', os.version: '6.1', java.version: '1.7.0_79'
Driver info: org.openqa.selenium.remote.RemoteWebDriver
	at sun.reflect.NativeConstructorAccessorImpl.newInstance0(Native Method)
	at sun.reflect.NativeConstructorAccessorImpl.newInstance(Unknown Source)
	at sun.reflect.DelegatingConstructorAccessorImpl.newInstance(Unknown Source)
	at java.lang.reflect.Constructor.newInstance(Unknown Source)
	at org.openqa.selenium.remote.ErrorHandler.createThrowable(ErrorHandler.java:206)
	at org.openqa.selenium.remote.ErrorHandler.throwIfResponseFailed(ErrorHandler.java:158)
	at org.openqa.selenium.remote.RemoteWebDriver.execute(RemoteWebDriver.java:647)
	at org.openqa.selenium.remote.RemoteWebDriver.startSession(RemoteWebDriver.java:247)
	at org.openqa.selenium.remote.RemoteWebDriver.<init>(RemoteWebDriver.java:129)
	at org.openqa.selenium.remote.RemoteWebDriver.<init>(RemoteWebDriver.java:156)
	at day25.CrossBrowserTesting.dropdownTest(CrossBrowserTesting.java:34)
	at sun.reflect.NativeMethodAccessorImpl.invoke0(Native Method)
	at sun.reflect.NativeMethodAccessorImpl.invoke(Unknown Source)
	at sun.reflect.DelegatingMethodAccessorImpl.invoke(Unknown Source)
	at java.lang.reflect.Method.invoke(Unknown Source)
	at org.testng.internal.MethodInvocationHelper.invokeMethod(MethodInvocationHelper.java:85)
	at org.testng.internal.Invoker.invokeMethod(Invoker.java:639)
	at org.testng.internal.Invoker.invokeTestMethod(Invoker.java:821)
	at org.testng.internal.Invoker.invokeTestMethods(Invoker.java:1131)
	at org.testng.internal.TestMethodWorker.invokeTestMethods(TestMethodWorker.java:124)
	at org.testng.internal.TestMethodWorker.run(TestMethodWorker.java:108)
	at org.testng.TestRunner.privateRun(TestRunner.java:773)
	at org.testng.TestRunner.run(TestRunner.java:623)
	at org.testng.SuiteRunner.runTest(SuiteRunner.java:357)
	at org.testng.SuiteRunner.access$000(SuiteRunner.java:39)
	at org.testng.SuiteRunner$SuiteWorker.run(SuiteRunner.java:391)
	at org.testng.internal.thread.ThreadUtil$2.call(ThreadUtil.java:64)
	at java.util.concurrent.FutureTask.run(Unknown Source)
	at java.util.concurrent.ThreadPoolExecutor.runWorker(Unknown Source)
	at java.util.concurrent.ThreadPoolExecutor$Worker.run(Unknown Source)
	at java.lang.Thread.run(Unknown Source)
Caused by: org.openqa.selenium.remote.ErrorHandler$UnknownServerException: Unable to connect to host 127.0.0.1 on port 7055 after 45000 ms. Firefox console output:
05972	addons.xpi	DEBUG	Updating XPIState for {"id":"HP.FT.FirefoxAgent.12.51@hp.com","syncGUID":"qD65zndq5-jQ","location":"winreg-app-global","version":"12.52.6755.0","type":"extension","internalName":null,"updateURL":null,"updateKey":null,"optionsURL":null,"optionsType":null,"aboutURL":null,"icons":{"32":"icon.png","48":"icon.png"},"iconURL":null,"icon64URL":null,"defaultLocale":{"name":"HP Functional Testing Agent","description":"Test Web Applications Using Firefox","creator":null,"homepageURL":null},"visible":true,"active":false,"userDisabled":true,"appDisabled":false,"descriptor":"C:\\Program Files (x86)\\HP\\Unified Functional Testing\\\\Installations\\Firefox\\Agent.xpi","installDate":1456464921785,"updateDate":1456464921785,"applyBackgroundUpdates":1,"bootstrap":true,"skinnable":false,"size":1593065,"sourceURI":null,"releaseNotesURI":null,"softDisabled":false,"foreignInstall":true,"hasBinaryComponents":false,"strictCompatibility":false,"locales":[],"targetApplications":[{"id":"{ec8030f7-c20a-464f-9b0e-13a3a9e97384}","minVersion":"33.0","maxVersion":"44.0"}],"targetPlatforms":[],"multiprocessCompatible":false,"signedState":2,"seen":true}
1469502605973	DeferredSave.extensions.json	DEBUG	Save changes
1469502605973	addons.xpi	DEBUG	Updating database with changes to installed add-ons
1469502605973	addons.xpi-utils	DEBUG	Updating add-on states
1469502605975	addons.xpi-utils	DEBUG	Writing add-ons list
1469502605981	addons.xpi	DEBUG	Registering manifest for C:\Program Files (x86)\Mozilla Firefox\browser\features\e10srollout@mozilla.org.xpi
1469502605982	addons.xpi	DEBUG	Calling bootstrap method startup on e10srollout@mozilla.org version 1.0
1469502605982	addons.xpi	DEBUG	Registering manifest for C:\Program Files (x86)\Mozilla Firefox\browser\features\firefox@getpocket.com.xpi
1469502605984	addons.xpi	DEBUG	Calling bootstrap method startup on firefox@getpocket.com version 1.0.2
1469502605985	addons.xpi	DEBUG	Registering manifest for C:\Program Files (x86)\Mozilla Firefox\browser\features\loop@mozilla.org.xpi
1469502605987	addons.xpi	DEBUG	Calling bootstrap method startup on loop@mozilla.org version 1.3.2
1469502606024	addons.manager	DEBUG	Registering shutdown blocker for XPIProvider
1469502606024	addons.manager	DEBUG	Provider finished startup: XPIProvider
1469502606025	addons.manager	DEBUG	Starting provider: LightweightThemeManager
1469502606025	addons.manager	DEBUG	Registering shutdown blocker for LightweightThemeManager
1469502606025	addons.manager	DEBUG	Provider finished startup: LightweightThemeManager
1469502606026	addons.manager	DEBUG	Starting provider: GMPProvider
1469502606037	addons.manager	DEBUG	Registering shutdown blocker for GMPProvider
1469502606037	addons.manager	DEBUG	Provider finished startup: GMPProvider
1469502606038	addons.manager	DEBUG	Starting provider: PluginProvider
1469502606038	addons.manager	DEBUG	Registering shutdown blocker for PluginProvider
1469502606038	addons.manager	DEBUG	Provider finished startup: PluginProvider
1469502606039	addons.manager	DEBUG	Completed startup sequence
1469502610190	DeferredSave.extensions.json	DEBUG	Starting timer
1469502610217	addons.manager	DEBUG	Starting provider: <unnamed-provider>
1469502610218	addons.manager	DEBUG	Registering shutdown blocker for <unnamed-provider>
1469502610218	addons.manager	DEBUG	Provider finished startup: <unnamed-provider>
1469502610341	DeferredSave.extensions.json	DEBUG	Starting write
1469502610424	addons.repository	DEBUG	No addons.json found.
1469502610425	DeferredSave.addons.json	DEBUG	Save changes
1469502610439	DeferredSave.addons.json	DEBUG	Starting timer
1469502610737	addons.manager	DEBUG	Starting provider: PreviousExperimentProvider
1469502610738	addons.manager	DEBUG	Registering shutdown blocker for PreviousExperimentProvider
1469502610739	addons.manager	DEBUG	Provider finished startup: PreviousExperimentProvider
1469502610966	DeferredSave.addons.json	DEBUG	Starting write
1469502610976	DeferredSave.extensions.json	DEBUG	Write succeeded
1469502611557	DeferredSave.addons.json	DEBUG	Write succeeded

Build info: version: '2.48.2', revision: '41bccdd', time: '2015-10-09 19:59:12'
System info: host: 'Sai-PC', ip: '192.168.56.1', os.name: 'Windows 7', os.arch: 'amd64', os.version: '6.1', java.version: '1.7.0_79'
Driver info: driver.version: FirefoxDriver
	at org.openqa.selenium.firefox.internal.NewProfileExtensionConnection.start(NewProfileExtensionConnection.java:112)
	at org.openqa.selenium.firefox.FirefoxDriver.startClient(FirefoxDriver.java:271)
	at org.openqa.selenium.remote.RemoteWebDriver.<init>(RemoteWebDriver.java:119)
	at org.openqa.selenium.firefox.FirefoxDriver.<init>(FirefoxDriver.java:218)
	at org.openqa.selenium.firefox.FirefoxDriver.<init>(FirefoxDriver.java:211)
	at org.openqa.selenium.firefox.FirefoxDriver.<init>(FirefoxDriver.java:129)
	at sun.reflect.NativeConstructorAccessorImpl.newInstance0(Native Method)
	at sun.reflect.NativeConstructorAccessorImpl.newInstance(Unknown Source)
	at sun.reflect.DelegatingConstructorAccessorImpl.newInstance(Unknown Source)
	at java.lang.reflect.Constructor.newInstance(Unknown Source)
	at org.openqa.selenium.remote.server.FirefoxDriverProvider.callConstructor(FirefoxDriverProvider.java:91)
	at org.openqa.selenium.remote.server.FirefoxDriverProvider.newInstance(FirefoxDriverProvider.java:68)
	at org.openqa.selenium.remote.server.DefaultDriverFactory.newInstance(DefaultDriverFactory.java:60)
	at org.openqa.selenium.remote.server.DefaultSession$BrowserCreator.call(DefaultSession.java:222)
	at org.openqa.selenium.remote.server.DefaultSession$BrowserCreator.call(DefaultSession.java:1)
	at java.util.concurrent.FutureTask.run(Unknown Source)
	at org.openqa.selenium.remote.server.DefaultSession$1.run(DefaultSession.java:176)
	... 3 more
]]>
    </error>
  </testcase> <!-- dropdownTest -->
</testsuite> <!-- day25.CrossBrowserTesting -->
